
INFO - Validate User is on Right TUI Group Website
INFO - Website cookies are accepted
INFO - Go to About TUI Group link via About us header
INFO - Click on Management via About TUI Group link 
INFO - Print one Board member name and Validate his job Role
INFO - Print total number of Board members 
INFO - Validate User is on Right TUI Group Website
INFO - Website cookies are accepted
INFO - Go to About TUI Group link via About us header
INFO - Click on Management via About TUI Group link 
INFO - Print one Board member name and Validate his job Role
INFO - Print total number of Board members 
INFO - Validate User is on Right TUI Group Website
INFO - Validate User is on Right TUI Group Website
INFO - Website cookies are accepted
INFO - Website cookies are accepted
INFO - Go to Reporting and Download via Responsibility Header
INFO - Go to Reporting and Download via Responsibility Header
INFO - Click on year box
INFO - Click on year box
